2025-03-10 16:59:33,619 - root - INFO - Chromedriver is already installed.
2025-03-10 16:59:33,662 - werkzeug - INFO - [31m[1mWARNING: This is a development server. Do not use it in a production deployment. Use a production WSGI server instead.[0m
 * Running on http://127.0.0.1:5000
2025-03-10 16:59:33,662 - werkzeug - INFO - [33mPress CTRL+C to quit[0m
2025-03-10 16:59:33,670 - werkzeug - INFO -  * Restarting with stat
2025-03-10 16:59:36,020 - root - INFO - Chromedriver is already installed.
2025-03-10 16:59:36,056 - werkzeug - WARNING -  * Debugger is active!
2025-03-10 16:59:36,105 - werkzeug - INFO -  * Debugger PIN: 135-308-703
2025-03-10 16:59:56,091 - werkzeug - INFO - 127.0.0.1 - - [10/Mar/2025 16:59:56] "[32mPOST /upload HTTP/1.1[0m" 302 -
2025-03-10 16:59:58,783 - werkzeug - INFO - 127.0.0.1 - - [10/Mar/2025 16:59:58] "[32mGET /start_bot HTTP/1.1[0m" 302 -
2025-03-10 16:59:59,061 - werkzeug - INFO - 127.0.0.1 - - [10/Mar/2025 16:59:59] "GET / HTTP/1.1" 200 -
2025-03-10 17:00:19,106 - werkzeug - INFO -  * Detected change in 'C:\\Users\\aabid\\OneDrive\\Desktop\\Twit_Repost_Bot\\twitter_bot.py', reloading
2025-03-10 17:00:19,518 - werkzeug - INFO -  * Restarting with stat
2025-03-10 17:00:23,654 - root - INFO - Chromedriver is already installed.
2025-03-10 17:00:23,684 - werkzeug - WARNING -  * Debugger is active!
2025-03-10 17:00:23,692 - werkzeug - INFO -  * Debugger PIN: 135-308-703
2025-03-10 17:00:44,919 - werkzeug - INFO - 127.0.0.1 - - [10/Mar/2025 17:00:44] "[32mPOST /upload HTTP/1.1[0m" 302 -
2025-03-10 17:00:47,111 - twitter_bot - ERROR - Login failed: cannot access local variable 'login' where it is not associated with a value
2025-03-10 17:01:06,451 - werkzeug - INFO - 127.0.0.1 - - [10/Mar/2025 17:01:06] "GET /start_bot HTTP/1.1" 200 -
2025-03-10 17:01:13,373 - werkzeug - INFO -  * Detected change in 'C:\\Users\\aabid\\OneDrive\\Desktop\\Twit_Repost_Bot\\twitter_bot.py', reloading
2025-03-10 17:01:13,505 - werkzeug - INFO -  * Restarting with stat
2025-03-10 17:01:17,042 - root - INFO - Chromedriver is already installed.
2025-03-10 17:01:17,117 - werkzeug - WARNING -  * Debugger is active!
2025-03-10 17:01:17,173 - werkzeug - INFO -  * Debugger PIN: 135-308-703
2025-03-10 17:01:19,359 - werkzeug - INFO -  * Detected change in 'C:\\Users\\aabid\\OneDrive\\Desktop\\Twit_Repost_Bot\\twitter_bot.py', reloading
2025-03-10 17:01:19,536 - werkzeug - INFO -  * Restarting with stat
2025-03-10 17:01:23,855 - root - INFO - Chromedriver is already installed.
2025-03-10 17:01:23,891 - werkzeug - WARNING -  * Debugger is active!
2025-03-10 17:01:23,902 - werkzeug - INFO -  * Debugger PIN: 135-308-703
2025-03-10 17:01:23,980 - werkzeug - INFO - 127.0.0.1 - - [10/Mar/2025 17:01:23] "GET / HTTP/1.1" 200 -
2025-03-10 17:01:42,715 - werkzeug - INFO - 127.0.0.1 - - [10/Mar/2025 17:01:42] "[32mPOST /upload HTTP/1.1[0m" 302 -
2025-03-10 17:02:09,702 - twitter_bot - ERROR - Login failed: name 'lologin_succesgin' is not defined
2025-03-10 17:02:57,833 - werkzeug - INFO -  * Detected change in 'C:\\Users\\aabid\\OneDrive\\Desktop\\Twit_Repost_Bot\\twitter_bot.py', reloading
2025-03-10 17:02:58,031 - werkzeug - INFO -  * Restarting with stat
2025-03-10 17:03:01,646 - root - INFO - Chromedriver is already installed.
2025-03-10 17:03:01,676 - werkzeug - WARNING -  * Debugger is active!
2025-03-10 17:03:01,688 - werkzeug - INFO -  * Debugger PIN: 135-308-703
2025-03-10 17:03:01,834 - werkzeug - INFO - 127.0.0.1 - - [10/Mar/2025 17:03:01] "[32mGET /start_bot HTTP/1.1[0m" 302 -
2025-03-10 17:03:02,079 - werkzeug - INFO - 127.0.0.1 - - [10/Mar/2025 17:03:02] "GET / HTTP/1.1" 200 -
2025-03-10 17:03:02,771 - werkzeug - INFO -  * Detected change in 'C:\\Users\\aabid\\OneDrive\\Desktop\\Twit_Repost_Bot\\twitter_bot.py', reloading
2025-03-10 17:03:02,970 - werkzeug - INFO -  * Restarting with stat
2025-03-10 17:03:35,843 - root - INFO - Chromedriver is already installed.
2025-03-10 17:03:35,888 - werkzeug - INFO - [31m[1mWARNING: This is a development server. Do not use it in a production deployment. Use a production WSGI server instead.[0m
 * Running on http://127.0.0.1:5000
2025-03-10 17:03:35,895 - werkzeug - INFO - [33mPress CTRL+C to quit[0m
2025-03-10 17:03:35,909 - werkzeug - INFO -  * Restarting with stat
2025-03-10 17:03:38,448 - root - INFO - Chromedriver is already installed.
2025-03-10 17:03:38,490 - werkzeug - WARNING -  * Debugger is active!
2025-03-10 17:03:38,501 - werkzeug - INFO -  * Debugger PIN: 135-308-703
2025-03-10 17:03:38,569 - werkzeug - INFO - 127.0.0.1 - - [10/Mar/2025 17:03:38] "GET / HTTP/1.1" 200 -
2025-03-10 17:03:38,570 - werkzeug - INFO - 127.0.0.1 - - [10/Mar/2025 17:03:38] "GET / HTTP/1.1" 200 -
2025-03-10 17:04:00,120 - werkzeug - INFO - 127.0.0.1 - - [10/Mar/2025 17:04:00] "[32mPOST /upload HTTP/1.1[0m" 302 -
2025-03-10 17:04:47,017 - twitter_bot - INFO - Login successful
2025-03-10 17:04:47,023 - twitter_bot - INFO - Navigating to user profile: JParween74225
2025-03-10 17:05:08,141 - twitter_bot - INFO - Successfully navigated to JParween74225's profile
2025-03-10 17:05:11,336 - twitter_bot - INFO - Processing tweet 1 for JParween74225: https://x.com/JParween74225/status/1898998784635670643
2025-03-10 17:05:20,161 - twitter_bot - INFO - Starting repost process with hashtag
2025-03-10 17:05:20,297 - twitter_bot - INFO - Found tweet link: https://x.com/JParween74225/status/1898998784635670643
2025-03-10 17:05:23,974 - twitter_bot - INFO - Navigated to tweet detail page
2025-03-10 17:05:27,049 - twitter_bot - INFO - Found retweet button with selector: [data-testid="retweet"]
2025-03-10 17:05:27,544 - twitter_bot - INFO - Clicked retweet button
2025-03-10 17:05:29,989 - twitter_bot - INFO - Found quote option with selector: //span[text()='Quote']
2025-03-10 17:05:30,757 - twitter_bot - INFO - Clicked Quote Tweet option
2025-03-10 17:05:32,873 - twitter_bot - INFO - Found tweet input with selector: [data-testid="tweetTextarea_0"]
2025-03-10 17:05:32,975 - twitter_bot - INFO - Set tweet input to hashtag(s): #nowayhome
2025-03-10 17:05:34,073 - twitter_bot - INFO - Found tweet button with selector: [data-testid="tweetButton"]
2025-03-10 17:05:34,630 - twitter_bot - INFO - Clicked tweet button
2025-03-10 17:05:39,698 - twitter_bot - INFO - Successfully reposted tweet with hashtag
2025-03-10 17:05:39,700 - twitter_bot - INFO - Successfully retweeted tweet for JParween74225: 1898998784635670643
2025-03-10 17:05:50,177 - twitter_bot - INFO - Processing tweet 2 for JParween74225: https://x.com/JParween74225/status/1898998758492549149
2025-03-10 17:05:59,995 - twitter_bot - INFO - Starting repost process with hashtag
2025-03-10 17:06:00,320 - twitter_bot - INFO - Found tweet link: https://x.com/JParween74225/status/1898998758492549149
2025-03-10 17:06:01,725 - twitter_bot - INFO - Navigated to tweet detail page
2025-03-10 17:06:04,960 - twitter_bot - ERROR - Could not find retweet button
2025-03-10 17:06:04,961 - twitter_bot - WARNING - Failed to retweet tweet for JParween74225: 1898998758492549149
2025-03-10 17:06:13,686 - twitter_bot - INFO - Updated logged tweet id for JParween74225: 1898998784635670643
2025-03-10 17:06:13,687 - twitter_bot - INFO - Navigating to user profile: RapidResponse47
2025-03-10 17:06:22,591 - twitter_bot - INFO - Successfully navigated to RapidResponse47's profile
2025-03-10 17:06:27,046 - twitter_bot - INFO - Processing tweet 1 for RapidResponse47: https://x.com/RapidResponse47/status/1898920037517312229
2025-03-10 17:06:35,592 - twitter_bot - INFO - Starting repost process with hashtag
2025-03-10 17:06:38,041 - twitter_bot - INFO - Found tweet link: https://x.com/RapidResponse47/status/1898920037517312229
2025-03-10 17:06:40,412 - twitter_bot - INFO - Navigated to tweet detail page
2025-03-10 17:06:46,646 - twitter_bot - ERROR - Could not find retweet button
2025-03-10 17:06:46,649 - twitter_bot - WARNING - Failed to retweet tweet for RapidResponse47: 1898920037517312229
2025-03-10 17:06:54,452 - twitter_bot - INFO - Processing tweet 2 for RapidResponse47: https://x.com/RapidResponse47/status/1898890252032590132
2025-03-10 17:07:20,004 - twitter_bot - ERROR - Error processing a tweet for RapidResponse47: Message: 
Stacktrace:
	GetHandleVerifier [0x0037CED3+25523]
	(No symbol) [0x003023B4]
	(No symbol) [0x001D06E3]
	(No symbol) [0x00218B79]
	(No symbol) [0x00218ECB]
	(No symbol) [0x00261B32]
	(No symbol) [0x0023D844]
	(No symbol) [0x0025F273]
	(No symbol) [0x0023D5F6]
	(No symbol) [0x0020C55F]
	(No symbol) [0x0020D8A4]
	GetHandleVerifier [0x00682713+3193843]
	GetHandleVerifier [0x006969E9+3276489]
	GetHandleVerifier [0x00690F0C+3253228]
	GetHandleVerifier [0x0041B0C0+673184]
	(No symbol) [0x0030B43D]
	(No symbol) [0x00308568]
	(No symbol) [0x00308709]
	(No symbol) [0x002FAE90]
	BaseThreadInitThunk [0x75FE5D49+25]
	RtlInitializeExceptionChain [0x777ECDEB+107]
	RtlGetAppContainerNamedObjectPath [0x777ECD71+561]

2025-03-10 17:07:37,939 - twitter_bot - INFO - Starting monitoring mode...
2025-03-10 17:09:17,427 - twitter_bot - INFO - Login successful
2025-03-10 17:09:17,453 - twitter_bot - INFO - Navigating to user profile: JParween74225
2025-03-10 17:09:28,915 - twitter_bot - INFO - Successfully navigated to JParween74225's profile
2025-03-10 17:09:42,900 - twitter_bot - INFO - Starting repost process with hashtag
2025-03-10 17:09:43,336 - twitter_bot - INFO - Found tweet link: https://x.com/JParween74225/status/1899062144869798097
2025-03-10 17:09:45,047 - twitter_bot - INFO - Navigated to tweet detail page
2025-03-10 17:09:48,217 - twitter_bot - ERROR - Could not find retweet button
2025-03-10 17:09:48,218 - twitter_bot - INFO - new retweet count  0
2025-03-10 17:09:58,349 - twitter_bot - INFO - Starting repost process with hashtag
2025-03-10 17:09:59,231 - twitter_bot - INFO - Found tweet link: https://x.com/JParween74225/status/1899062112422633851
2025-03-10 17:10:00,316 - twitter_bot - INFO - Navigated to tweet detail page
2025-03-10 17:10:03,445 - twitter_bot - ERROR - Could not find retweet button
2025-03-10 17:10:03,446 - twitter_bot - INFO - new retweet count  0
2025-03-10 17:10:03,448 - twitter_bot - INFO - No new tweet for JParween74225: top tweet id 1898998784635670643 already processed
2025-03-10 17:10:03,448 - twitter_bot - INFO - Monitoring: JParween74225 - No new tweets to retweet for JParween74225.
2025-03-10 17:10:03,449 - twitter_bot - INFO - Navigating to user profile: RapidResponse47
2025-03-10 17:10:13,426 - twitter_bot - INFO - Successfully navigated to RapidResponse47's profile
2025-03-10 17:10:38,445 - twitter_bot - INFO - Starting repost process with hashtag
2025-03-10 17:10:40,840 - twitter_bot - INFO - Found tweet link: https://x.com/RapidResponse47/status/1898920037517312229
2025-03-10 17:10:43,559 - twitter_bot - INFO - Navigated to tweet detail page
2025-03-10 17:10:47,426 - twitter_bot - ERROR - Could not find retweet button
2025-03-10 17:10:47,427 - twitter_bot - INFO - new retweet count  0
2025-03-10 17:10:57,908 - twitter_bot - INFO - Starting repost process with hashtag
2025-03-10 17:10:58,326 - twitter_bot - INFO - Found tweet link: https://x.com/RapidResponse47/status/1898890252032590132
2025-03-10 17:11:01,223 - twitter_bot - INFO - Navigated to tweet detail page
2025-03-10 17:11:04,526 - twitter_bot - ERROR - Could not find retweet button
2025-03-10 17:11:04,527 - twitter_bot - INFO - new retweet count  0
2025-03-10 17:11:25,723 - twitter_bot - ERROR - Error extracting tweet URL for RapidResponse47: Message: 
Stacktrace:
	GetHandleVerifier [0x0037CED3+25523]
	(No symbol) [0x003023B4]
	(No symbol) [0x001D06E3]
	(No symbol) [0x00218B79]
	(No symbol) [0x00218ECB]
	(No symbol) [0x00261B32]
	(No symbol) [0x0023D844]
	(No symbol) [0x0025F273]
	(No symbol) [0x0023D5F6]
	(No symbol) [0x0020C55F]
	(No symbol) [0x0020D8A4]
	GetHandleVerifier [0x00682713+3193843]
	GetHandleVerifier [0x006969E9+3276489]
	GetHandleVerifier [0x00690F0C+3253228]
	GetHandleVerifier [0x0041B0C0+673184]
	(No symbol) [0x0030B43D]
	(No symbol) [0x00308568]
	(No symbol) [0x00308709]
	(No symbol) [0x002FAE90]
	BaseThreadInitThunk [0x75FE5D49+25]
	RtlInitializeExceptionChain [0x777ECDEB+107]
	RtlGetAppContainerNamedObjectPath [0x777ECD71+561]

2025-03-10 17:11:25,725 - twitter_bot - INFO - Monitoring: RapidResponse47 - No new tweets to retweet for RapidResponse47.
2025-03-10 17:12:01,108 - werkzeug - INFO -  * Detected change in 'C:\\Users\\aabid\\OneDrive\\Desktop\\Twit_Repost_Bot\\twitter_bot1.py', reloading
2025-03-10 17:12:01,644 - werkzeug - INFO -  * Restarting with stat
2025-03-10 17:12:10,136 - root - INFO - Chromedriver is already installed.
2025-03-10 17:12:10,209 - werkzeug - WARNING -  * Debugger is active!
2025-03-10 17:12:10,228 - werkzeug - INFO -  * Debugger PIN: 135-308-703
2025-03-10 17:12:10,307 - werkzeug - INFO - 127.0.0.1 - - [10/Mar/2025 17:12:10] "[32mGET /start_bot HTTP/1.1[0m" 302 -
2025-03-10 17:12:10,398 - werkzeug - INFO - 127.0.0.1 - - [10/Mar/2025 17:12:10] "GET / HTTP/1.1" 200 -
2025-03-10 17:12:30,373 - werkzeug - INFO -  * Detected change in 'C:\\Users\\aabid\\OneDrive\\Desktop\\Twit_Repost_Bot\\twitter_bot1.py', reloading
2025-03-10 17:12:31,101 - werkzeug - INFO -  * Restarting with stat
2025-03-10 17:12:38,629 - root - INFO - Chromedriver is already installed.
2025-03-10 17:12:38,694 - werkzeug - WARNING -  * Debugger is active!
2025-03-10 17:12:38,711 - werkzeug - INFO -  * Debugger PIN: 135-308-703
2025-03-10 17:12:51,843 - root - INFO - Chromedriver is already installed.
2025-03-10 17:12:51,920 - werkzeug - INFO - [31m[1mWARNING: This is a development server. Do not use it in a production deployment. Use a production WSGI server instead.[0m
 * Running on http://127.0.0.1:5000
2025-03-10 17:12:51,931 - werkzeug - INFO - [33mPress CTRL+C to quit[0m
2025-03-10 17:12:51,941 - werkzeug - INFO -  * Restarting with stat
2025-03-10 17:12:56,424 - root - INFO - Chromedriver is already installed.
2025-03-10 17:12:56,474 - werkzeug - WARNING -  * Debugger is active!
2025-03-10 17:12:56,486 - werkzeug - INFO -  * Debugger PIN: 135-308-703
2025-03-10 17:12:57,122 - werkzeug - INFO - 127.0.0.1 - - [10/Mar/2025 17:12:57] "GET / HTTP/1.1" 200 -
2025-03-10 17:13:24,525 - werkzeug - INFO - 127.0.0.1 - - [10/Mar/2025 17:13:24] "[32mPOST /upload HTTP/1.1[0m" 302 -
2025-03-10 17:14:21,905 - twitter_bot1 - INFO - Login successful
2025-03-10 17:14:21,915 - twitter_bot1 - INFO - Navigating to user profile: JParween74225
2025-03-10 17:14:44,968 - twitter_bot1 - INFO - Successfully navigated to JParween74225's profile
2025-03-10 17:14:48,484 - twitter_bot1 - INFO - Processing tweet 1 for JParween74225: https://x.com/JParween74225/status/1899063593892540759
2025-03-10 17:14:58,183 - twitter_bot1 - INFO - Starting repost process with hashtag
2025-03-10 17:14:58,364 - twitter_bot1 - INFO - Found tweet link: https://x.com/JParween74225/status/1899063593892540759
2025-03-10 17:15:04,730 - twitter_bot1 - INFO - Navigated to tweet detail page
2025-03-10 17:15:07,813 - twitter_bot1 - INFO - Found retweet button with selector: [data-testid="retweet"]
2025-03-10 17:15:08,184 - twitter_bot1 - INFO - Clicked retweet button
2025-03-10 17:15:10,239 - twitter_bot1 - INFO - Found quote option with selector: //span[text()='Quote']
2025-03-10 17:15:10,801 - twitter_bot1 - INFO - Clicked Quote Tweet option
2025-03-10 17:15:12,842 - twitter_bot1 - INFO - Found tweet input with selector: [data-testid="tweetTextarea_0"]
2025-03-10 17:15:12,898 - twitter_bot1 - INFO - Set tweet input to hashtag(s): #nowayhome
2025-03-10 17:15:14,001 - twitter_bot1 - INFO - Found tweet button with selector: [data-testid="tweetButton"]
2025-03-10 17:15:14,586 - twitter_bot1 - INFO - Clicked tweet button
2025-03-10 17:15:19,587 - twitter_bot1 - INFO - Successfully reposted tweet with hashtag
2025-03-10 17:15:19,589 - twitter_bot1 - INFO - Successfully retweeted tweet for JParween74225: 1899063593892540759
2025-03-10 17:15:30,555 - twitter_bot1 - INFO - Processing tweet 2 for JParween74225: https://x.com/JParween74225/status/1899063572409577946
2025-03-10 17:15:38,335 - twitter_bot1 - INFO - Starting repost process with hashtag
2025-03-10 17:15:38,610 - twitter_bot1 - INFO - Found tweet link: https://x.com/JParween74225/status/1899063572409577946
2025-03-10 17:15:39,810 - twitter_bot1 - INFO - Navigated to tweet detail page
2025-03-10 17:15:43,244 - twitter_bot1 - ERROR - Could not find retweet button
2025-03-10 17:15:43,245 - twitter_bot1 - WARNING - Failed to retweet tweet for JParween74225: 1899063572409577946
2025-03-10 17:15:54,136 - twitter_bot1 - INFO - Processing tweet 3 for JParween74225: https://x.com/JParween74225/status/1899062144869798097
2025-03-10 17:16:09,980 - twitter_bot1 - INFO - Starting repost process with hashtag
2025-03-10 17:16:10,162 - twitter_bot1 - INFO - Found tweet link: https://x.com/JParween74225/status/1899062144869798097
2025-03-10 17:16:11,465 - twitter_bot1 - INFO - Navigated to tweet detail page
2025-03-10 17:16:14,579 - twitter_bot1 - ERROR - Could not find retweet button
2025-03-10 17:16:14,580 - twitter_bot1 - WARNING - Failed to retweet tweet for JParween74225: 1899062144869798097
2025-03-10 17:16:21,067 - twitter_bot1 - INFO - Processing tweet 4 for JParween74225: https://x.com/JParween74225/status/1899062112422633851
2025-03-10 17:16:45,999 - twitter_bot1 - ERROR - Error processing a tweet for JParween74225: Message: 
Stacktrace:
	GetHandleVerifier [0x0037CED3+25523]
	(No symbol) [0x003023B4]
	(No symbol) [0x001D06E3]
	(No symbol) [0x00218B79]
	(No symbol) [0x00218ECB]
	(No symbol) [0x00261B32]
	(No symbol) [0x0023D844]
	(No symbol) [0x0025F273]
	(No symbol) [0x0023D5F6]
	(No symbol) [0x0020C55F]
	(No symbol) [0x0020D8A4]
	GetHandleVerifier [0x00682713+3193843]
	GetHandleVerifier [0x006969E9+3276489]
	GetHandleVerifier [0x00690F0C+3253228]
	GetHandleVerifier [0x0041B0C0+673184]
	(No symbol) [0x0030B43D]
	(No symbol) [0x00308568]
	(No symbol) [0x00308709]
	(No symbol) [0x002FAE90]
	BaseThreadInitThunk [0x75FE5D49+25]
	RtlInitializeExceptionChain [0x777ECDEB+107]
	RtlGetAppContainerNamedObjectPath [0x777ECD71+561]

2025-03-10 17:16:46,001 - twitter_bot1 - INFO - Tweet 1898998784635670643 for JParween74225 already processed, skipping.
2025-03-10 17:16:46,003 - twitter_bot1 - INFO - Processing tweet 6 for JParween74225: https://x.com/JParween74225/status/1898998758492549149
2025-03-10 17:17:09,780 - twitter_bot1 - INFO - Starting repost process with hashtag
2025-03-10 17:17:10,543 - twitter_bot1 - INFO - Found tweet link: https://x.com/JParween74225/status/1898998758492549149
2025-03-10 17:17:11,640 - twitter_bot1 - INFO - Navigated to tweet detail page
2025-03-10 17:17:14,793 - twitter_bot1 - ERROR - Could not find retweet button
2025-03-10 17:17:14,798 - twitter_bot1 - WARNING - Failed to retweet tweet for JParween74225: 1898998758492549149
2025-03-10 17:17:21,760 - twitter_bot1 - INFO - Processing tweet 7 for JParween74225: https://x.com/SpaceX/status/1898942862194307488
2025-03-10 17:17:41,853 - twitter_bot1 - ERROR - Error processing a tweet for JParween74225: Message: target frame detached
  (failed to check if window was closed: disconnected: unable to send message to renderer)
  (Session info: chrome=134.0.6998.36)
Stacktrace:
	GetHandleVerifier [0x0037CED3+25523]
	(No symbol) [0x003023B4]
	(No symbol) [0x001D055E]
	(No symbol) [0x001C0F10]
	(No symbol) [0x001C0071]
	(No symbol) [0x001DDFDF]
	(No symbol) [0x002446EF]
	(No symbol) [0x0025EB89]
	(No symbol) [0x0023D5F6]
	(No symbol) [0x0020C55F]
	(No symbol) [0x0020D8A4]
	GetHandleVerifier [0x00682713+3193843]
	GetHandleVerifier [0x006969E9+3276489]
	GetHandleVerifier [0x00690F0C+3253228]
	GetHandleVerifier [0x0041B0C0+673184]
	(No symbol) [0x0030B43D]
	(No symbol) [0x00308568]
	(No symbol) [0x00308709]
	(No symbol) [0x002FAE90]
	BaseThreadInitThunk [0x75FE5D49+25]
	RtlInitializeExceptionChain [0x777ECDEB+107]
	RtlGetAppContainerNamedObjectPath [0x777ECD71+561]

2025-03-10 17:17:41,973 - twitter_bot1 - INFO - Processing tweet 8 for JParween74225: https://x.com/JParween74225/status/1898804818514440433
2025-03-10 17:17:42,386 - twitter_bot1 - ERROR - Error processing a tweet for JParween74225: Message: invalid session id: session deleted as the browser has closed the connection
from disconnected: not connected to DevTools
  (Session info: chrome=134.0.6998.36)
Stacktrace:
	GetHandleVerifier [0x0037CED3+25523]
	(No symbol) [0x003023B4]
	(No symbol) [0x001D06E3]
	(No symbol) [0x001BFEC0]
	(No symbol) [0x001DDFDF]
	(No symbol) [0x002446EF]
	(No symbol) [0x0025EB89]
	(No symbol) [0x0023D5F6]
	(No symbol) [0x0020C55F]
	(No symbol) [0x0020D8A4]
	GetHandleVerifier [0x00682713+3193843]
	GetHandleVerifier [0x006969E9+3276489]
	GetHandleVerifier [0x00690F0C+3253228]
	GetHandleVerifier [0x0041B0C0+673184]
	(No symbol) [0x0030B43D]
	(No symbol) [0x00308568]
	(No symbol) [0x00308709]
	(No symbol) [0x002FAE90]
	BaseThreadInitThunk [0x75FE5D49+25]
	RtlInitializeExceptionChain [0x777ECDEB+107]
	RtlGetAppContainerNamedObjectPath [0x777ECD71+561]

2025-03-10 17:17:42,390 - twitter_bot1 - INFO - Updated logged tweet id for JParween74225: 1899063593892540759
2025-03-10 17:17:42,392 - twitter_bot1 - INFO - Navigating to user profile: RapidResponse47
2025-03-10 17:31:45,479 - root - INFO - Chromedriver is already installed.
2025-03-10 17:31:45,581 - werkzeug - INFO - [31m[1mWARNING: This is a development server. Do not use it in a production deployment. Use a production WSGI server instead.[0m
 * Running on http://127.0.0.1:5000
2025-03-10 17:31:45,582 - werkzeug - INFO - [33mPress CTRL+C to quit[0m
2025-03-10 17:31:45,595 - werkzeug - INFO -  * Restarting with stat
2025-03-10 17:31:49,709 - root - INFO - Chromedriver is already installed.
2025-03-10 17:31:49,756 - werkzeug - WARNING -  * Debugger is active!
2025-03-10 17:31:49,778 - werkzeug - INFO -  * Debugger PIN: 135-308-703
2025-03-10 17:31:58,949 - werkzeug - INFO - 127.0.0.1 - - [10/Mar/2025 17:31:58] "GET / HTTP/1.1" 200 -
2025-03-10 17:32:00,856 - werkzeug - INFO - 127.0.0.1 - - [10/Mar/2025 17:32:00] "[33mGET /favicon.ico HTTP/1.1[0m" 404 -
2025-03-10 17:32:27,579 - werkzeug - INFO - 127.0.0.1 - - [10/Mar/2025 17:32:27] "[32mPOST /upload HTTP/1.1[0m" 302 -
2025-03-10 17:32:38,392 - twitter_bot1 - INFO - Login successful
2025-03-10 17:32:38,393 - twitter_bot1 - INFO - Navigating to user profile: JParween74225
2025-03-10 17:32:39,085 - twitter_bot1 - ERROR - Error navigating to user profile JParween74225: Message: unknown error: net::ERR_INTERNET_DISCONNECTED
  (Session info: chrome=134.0.6998.36)
Stacktrace:
	GetHandleVerifier [0x0075CED3+25523]
	(No symbol) [0x006E23B4]
	(No symbol) [0x005B06E3]
	(No symbol) [0x005ADB6E]
	(No symbol) [0x005A1458]
	(No symbol) [0x005A2D60]
	(No symbol) [0x005A16E7]
	(No symbol) [0x005A1243]
	(No symbol) [0x005A0F51]
	(No symbol) [0x0059EE30]
	(No symbol) [0x0059F8BB]
	(No symbol) [0x005B419E]
	(No symbol) [0x0063FF57]
	(No symbol) [0x0061D7FC]
	(No symbol) [0x0063F273]
	(No symbol) [0x0061D5F6]
	(No symbol) [0x005EC55F]
	(No symbol) [0x005ED8A4]
	GetHandleVerifier [0x00A62713+3193843]
	GetHandleVerifier [0x00A769E9+3276489]
	GetHandleVerifier [0x00A70F0C+3253228]
	GetHandleVerifier [0x007FB0C0+673184]
	(No symbol) [0x006EB43D]
	(No symbol) [0x006E8568]
	(No symbol) [0x006E8709]
	(No symbol) [0x006DAE90]
	BaseThreadInitThunk [0x75FE5D49+25]
	RtlInitializeExceptionChain [0x777ECDEB+107]
	RtlGetAppContainerNamedObjectPath [0x777ECD71+561]

2025-03-10 17:32:39,092 - twitter_bot1 - INFO - Navigating to user profile: RapidResponse47
2025-03-10 17:32:39,980 - twitter_bot1 - ERROR - Error navigating to user profile RapidResponse47: Message: unknown error: net::ERR_INTERNET_DISCONNECTED
  (Session info: chrome=134.0.6998.36)
Stacktrace:
	GetHandleVerifier [0x0075CED3+25523]
	(No symbol) [0x006E23B4]
	(No symbol) [0x005B06E3]
	(No symbol) [0x005ADB6E]
	(No symbol) [0x005A1458]
	(No symbol) [0x005A2D60]
	(No symbol) [0x005A16E7]
	(No symbol) [0x005A1243]
	(No symbol) [0x005A0F51]
	(No symbol) [0x0059EE30]
	(No symbol) [0x0059F8BB]
	(No symbol) [0x005B419E]
	(No symbol) [0x0063FF57]
	(No symbol) [0x0061D7FC]
	(No symbol) [0x0063F273]
	(No symbol) [0x0061D5F6]
	(No symbol) [0x005EC55F]
	(No symbol) [0x005ED8A4]
	GetHandleVerifier [0x00A62713+3193843]
	GetHandleVerifier [0x00A769E9+3276489]
	GetHandleVerifier [0x00A70F0C+3253228]
	GetHandleVerifier [0x007FB0C0+673184]
	(No symbol) [0x006EB43D]
	(No symbol) [0x006E8568]
	(No symbol) [0x006E8709]
	(No symbol) [0x006DAE90]
	BaseThreadInitThunk [0x75FE5D49+25]
	RtlInitializeExceptionChain [0x777ECDEB+107]
	RtlGetAppContainerNamedObjectPath [0x777ECD71+561]

2025-03-10 17:32:40,960 - twitter_bot1 - INFO - Starting monitoring mode...
2025-03-10 17:32:53,803 - werkzeug - INFO - 127.0.0.1 - - [10/Mar/2025 17:32:53] "[32mPOST /upload HTTP/1.1[0m" 302 -
2025-03-10 17:33:40,972 - twitter_bot1 - INFO - Login successful
2025-03-10 17:33:40,975 - twitter_bot1 - INFO - Navigating to user profile: JParween74225
2025-03-10 17:33:41,209 - twitter_bot1 - ERROR - Error navigating to user profile JParween74225: Message: invalid session id
Stacktrace:
	GetHandleVerifier [0x0075CED3+25523]
	(No symbol) [0x006E23B4]
	(No symbol) [0x005B055E]
	(No symbol) [0x005EB9E8]
	(No symbol) [0x0061D6B6]
	(No symbol) [0x0061908C]
	(No symbol) [0x00618606]
	(No symbol) [0x00583245]
	(No symbol) [0x0058379E]
	(No symbol) [0x00583C1D]
	GetHandleVerifier [0x00A62713+3193843]
	GetHandleVerifier [0x00A769E9+3276489]
	GetHandleVerifier [0x00A70F0C+3253228]
	GetHandleVerifier [0x007FB0C0+673184]
	(No symbol) [0x006EB43D]
	(No symbol) [0x00582F10]
	(No symbol) [0x00582ACA]
	GetHandleVerifier [0x00AEA74C+3750956]
	BaseThreadInitThunk [0x75FE5D49+25]
	RtlInitializeExceptionChain [0x777ECDEB+107]
	RtlGetAppContainerNamedObjectPath [0x777ECD71+561]

2025-03-10 17:33:41,211 - twitter_bot1 - INFO - Monitoring: JParween74225 - Could not navigate to JParween74225's profile.
2025-03-10 17:33:41,214 - twitter_bot1 - INFO - Navigating to user profile: RapidResponse47
2025-03-10 17:33:41,227 - twitter_bot1 - ERROR - Error navigating to user profile RapidResponse47: Message: invalid session id
Stacktrace:
	GetHandleVerifier [0x0075CED3+25523]
	(No symbol) [0x006E23B4]
	(No symbol) [0x005B055E]
	(No symbol) [0x005EB9E8]
	(No symbol) [0x0061D6B6]
	(No symbol) [0x0061908C]
	(No symbol) [0x00618606]
	(No symbol) [0x00583245]
	(No symbol) [0x0058379E]
	(No symbol) [0x00583C1D]
	GetHandleVerifier [0x00A62713+3193843]
	GetHandleVerifier [0x00A769E9+3276489]
	GetHandleVerifier [0x00A70F0C+3253228]
	GetHandleVerifier [0x007FB0C0+673184]
	(No symbol) [0x006EB43D]
	(No symbol) [0x00582F10]
	(No symbol) [0x00582ACA]
	GetHandleVerifier [0x00AEA74C+3750956]
	BaseThreadInitThunk [0x75FE5D49+25]
	RtlInitializeExceptionChain [0x777ECDEB+107]
	RtlGetAppContainerNamedObjectPath [0x777ECD71+561]

2025-03-10 17:33:41,239 - twitter_bot1 - INFO - Monitoring: RapidResponse47 - Could not navigate to RapidResponse47's profile.
2025-03-10 17:33:41,244 - twitter_bot1 - INFO - Monitoring mode stopped.
2025-03-10 17:33:47,654 - twitter_bot1 - INFO - Login successful
2025-03-10 17:33:47,656 - twitter_bot1 - INFO - Navigating to user profile: JParween74225
2025-03-10 17:33:48,561 - werkzeug - INFO - 127.0.0.1 - - [10/Mar/2025 17:33:48] "GET /start_bot HTTP/1.1" 200 -
2025-03-10 17:34:03,654 - twitter_bot1 - INFO - Successfully navigated to JParween74225's profile
